<?xml version="1.0" encoding="UTF-8"?>
<testng-results ignored="0" total="1" passed="1" failed="0" skipped="0">
  <reporter-output>
  </reporter-output>
  <suite started-at="2022-08-23T14:20:16 BDT" name="Default suite" finished-at="2022-08-23T14:21:58 BDT" duration-ms="102459">
    <groups>
    </groups>
    <test started-at="2022-08-23T14:20:16 BDT" name="Default test" finished-at="2022-08-23T14:21:58 BDT" duration-ms="102459">
      <class name="tests.OtherTransaction_Module">
        <test-method is-config="true" signature="Login()[pri:0, instance:tests.OtherTransaction_Module@f5acb9d]" started-at="2022-08-23T14:20:16 BDT" name="Login" finished-at="2022-08-23T14:20:42 BDT" duration-ms="26079" status="PASS">
          <reporter-output>
          </reporter-output>
        </test-method> <!-- Login -->
        <test-method signature="OtherTransaction()[pri:0, instance:tests.OtherTransaction_Module@f5acb9d]" started-at="2022-08-23T14:20:42 BDT" name="OtherTransaction" finished-at="2022-08-23T14:21:50 BDT" duration-ms="68025" status="PASS">
          <reporter-output>
          </reporter-output>
        </test-method> <!-- OtherTransaction -->
        <test-method is-config="true" signature="LogOut()[pri:0, instance:tests.OtherTransaction_Module@f5acb9d]" started-at="2022-08-23T14:21:50 BDT" name="LogOut" finished-at="2022-08-23T14:21:58 BDT" duration-ms="8312" status="PASS">
          <reporter-output>
          </reporter-output>
        </test-method> <!-- LogOut -->
      </class> <!-- tests.OtherTransaction_Module -->
    </test> <!-- Default test -->
  </suite> <!-- Default suite -->
</testng-results>
